CRITICAL - 2023-12-01 06:30:03 --> Invalid file: "employee.php"
in SYSTEMPATH\Exceptions\FrameworkException.php on line 39.
 1 SYSTEMPATH\View\View.php(216): CodeIgniter\Exceptions\FrameworkException::forInvalidFile('employee.php')
 2 SYSTEMPATH\Common.php(1190): CodeIgniter\View\View->render('employee', [], true)
 3 APPPATH\Controllers\Admin.php(67): view('employee', [...])
 4 SYSTEMPATH\CodeIgniter.php(942): App\Controllers\Admin->store()
 5 SYSTEMPATH\CodeIgniter.php(502): CodeIgniter\CodeIgniter->runController(Object(App\Controllers\Admin))
 6 SYSTEMPATH\CodeIgniter.php(361): CodeIgniter\CodeIgniter->handleRequest(null, Object(Config\Cache), false)
 7 FCPATH\index.php(79): CodeIgniter\CodeIgniter->run()
CRITICAL - 2023-12-01 06:37:00 --> Undefined variable: row
in APPPATH\Views\employee\edit.php on line 4.
 1 APPPATH\Views\employee\edit.php(4): CodeIgniter\Debug\Exceptions->errorHandler(8, 'Undefined variable: row', 'C:\\xampp\\htdocs\\Hotel\\app\\Views\\employee\\edit.php', 4, [...])
 2 SYSTEMPATH\View\View.php(228): include('C:\\xampp\\htdocs\\Hotel\\app\\Views\\employee\\edit.php')
 3 SYSTEMPATH\View\View.php(231): CodeIgniter\View\View->CodeIgniter\View\{closure}()
 4 SYSTEMPATH\Common.php(1190): CodeIgniter\View\View->render('employee/edit', [], true)
 5 APPPATH\Controllers\Admin.php(77): view('employee/edit', [...])
 6 SYSTEMPATH\CodeIgniter.php(942): App\Controllers\Admin->edit('5')
 7 SYSTEMPATH\CodeIgniter.php(502): CodeIgniter\CodeIgniter->runController(Object(App\Controllers\Admin))
 8 SYSTEMPATH\CodeIgniter.php(361): CodeIgniter\CodeIgniter->handleRequest(null, Object(Config\Cache), false)
 9 FCPATH\index.php(79): CodeIgniter\CodeIgniter->run()
CRITICAL - 2023-12-01 06:38:42 --> Undefined variable: employee
in APPPATH\Views\employee\edit.php on line 4.
 1 APPPATH\Views\employee\edit.php(4): CodeIgniter\Debug\Exceptions->errorHandler(8, 'Undefined variable: employee', 'C:\\xampp\\htdocs\\Hotel\\app\\Views\\employee\\edit.php', 4, [...])
 2 SYSTEMPATH\View\View.php(228): include('C:\\xampp\\htdocs\\Hotel\\app\\Views\\employee\\edit.php')
 3 SYSTEMPATH\View\View.php(231): CodeIgniter\View\View->CodeIgniter\View\{closure}()
 4 SYSTEMPATH\Common.php(1190): CodeIgniter\View\View->render('employee/edit', [], true)
 5 APPPATH\Controllers\Admin.php(77): view('employee/edit', [...])
 6 SYSTEMPATH\CodeIgniter.php(942): App\Controllers\Admin->edit('2')
 7 SYSTEMPATH\CodeIgniter.php(502): CodeIgniter\CodeIgniter->runController(Object(App\Controllers\Admin))
 8 SYSTEMPATH\CodeIgniter.php(361): CodeIgniter\CodeIgniter->handleRequest(null, Object(Config\Cache), false)
 9 FCPATH\index.php(79): CodeIgniter\CodeIgniter->run()
CRITICAL - 2023-12-01 06:38:42 --> Undefined variable: employee
in APPPATH\Views\employee\edit.php on line 4.
 1 APPPATH\Views\employee\edit.php(4): CodeIgniter\Debug\Exceptions->errorHandler(8, 'Undefined variable: employee', 'C:\\xampp\\htdocs\\Hotel\\app\\Views\\employee\\edit.php', 4, [...])
 2 SYSTEMPATH\View\View.php(228): include('C:\\xampp\\htdocs\\Hotel\\app\\Views\\employee\\edit.php')
 3 SYSTEMPATH\View\View.php(231): CodeIgniter\View\View->CodeIgniter\View\{closure}()
 4 SYSTEMPATH\Common.php(1190): CodeIgniter\View\View->render('employee/edit', [], true)
 5 APPPATH\Controllers\Admin.php(77): view('employee/edit', [...])
 6 SYSTEMPATH\CodeIgniter.php(942): App\Controllers\Admin->edit('2')
 7 SYSTEMPATH\CodeIgniter.php(502): CodeIgniter\CodeIgniter->runController(Object(App\Controllers\Admin))
 8 SYSTEMPATH\CodeIgniter.php(361): CodeIgniter\CodeIgniter->handleRequest(null, Object(Config\Cache), false)
 9 FCPATH\index.php(79): CodeIgniter\CodeIgniter->run()
CRITICAL - 2023-12-01 06:39:20 --> Undefined variable: row
in APPPATH\Views\employee\edit.php on line 4.
 1 APPPATH\Views\employee\edit.php(4): CodeIgniter\Debug\Exceptions->errorHandler(8, 'Undefined variable: row', 'C:\\xampp\\htdocs\\Hotel\\app\\Views\\employee\\edit.php', 4, [...])
 2 SYSTEMPATH\View\View.php(228): include('C:\\xampp\\htdocs\\Hotel\\app\\Views\\employee\\edit.php')
 3 SYSTEMPATH\View\View.php(231): CodeIgniter\View\View->CodeIgniter\View\{closure}()
 4 SYSTEMPATH\Common.php(1190): CodeIgniter\View\View->render('employee/edit', [], true)
 5 APPPATH\Controllers\Admin.php(77): view('employee/edit', [...])
 6 SYSTEMPATH\CodeIgniter.php(942): App\Controllers\Admin->edit('2')
 7 SYSTEMPATH\CodeIgniter.php(502): CodeIgniter\CodeIgniter->runController(Object(App\Controllers\Admin))
 8 SYSTEMPATH\CodeIgniter.php(361): CodeIgniter\CodeIgniter->handleRequest(null, Object(Config\Cache), false)
 9 FCPATH\index.php(79): CodeIgniter\CodeIgniter->run()
CRITICAL - 2023-12-01 06:40:22 --> Undefined variable: data
in APPPATH\Views\employee\edit.php on line 4.
 1 APPPATH\Views\employee\edit.php(4): CodeIgniter\Debug\Exceptions->errorHandler(8, 'Undefined variable: data', 'C:\\xampp\\htdocs\\Hotel\\app\\Views\\employee\\edit.php', 4, [...])
 2 SYSTEMPATH\View\View.php(228): include('C:\\xampp\\htdocs\\Hotel\\app\\Views\\employee\\edit.php')
 3 SYSTEMPATH\View\View.php(231): CodeIgniter\View\View->CodeIgniter\View\{closure}()
 4 SYSTEMPATH\Common.php(1190): CodeIgniter\View\View->render('employee/edit', [], true)
 5 APPPATH\Controllers\Admin.php(77): view('employee/edit', [...])
 6 SYSTEMPATH\CodeIgniter.php(942): App\Controllers\Admin->edit('2')
 7 SYSTEMPATH\CodeIgniter.php(502): CodeIgniter\CodeIgniter->runController(Object(App\Controllers\Admin))
 8 SYSTEMPATH\CodeIgniter.php(361): CodeIgniter\CodeIgniter->handleRequest(null, Object(Config\Cache), false)
 9 FCPATH\index.php(79): CodeIgniter\CodeIgniter->run()
CRITICAL - 2023-12-01 06:40:58 --> Undefined variable: row
in APPPATH\Views\employee\edit.php on line 4.
 1 APPPATH\Views\employee\edit.php(4): CodeIgniter\Debug\Exceptions->errorHandler(8, 'Undefined variable: row', 'C:\\xampp\\htdocs\\Hotel\\app\\Views\\employee\\edit.php', 4, [...])
 2 SYSTEMPATH\View\View.php(228): include('C:\\xampp\\htdocs\\Hotel\\app\\Views\\employee\\edit.php')
 3 SYSTEMPATH\View\View.php(231): CodeIgniter\View\View->CodeIgniter\View\{closure}()
 4 SYSTEMPATH\Common.php(1190): CodeIgniter\View\View->render('employee/edit', [], true)
 5 APPPATH\Controllers\Admin.php(77): view('employee/edit', [...])
 6 SYSTEMPATH\CodeIgniter.php(942): App\Controllers\Admin->edit('2')
 7 SYSTEMPATH\CodeIgniter.php(502): CodeIgniter\CodeIgniter->runController(Object(App\Controllers\Admin))
 8 SYSTEMPATH\CodeIgniter.php(361): CodeIgniter\CodeIgniter->handleRequest(null, Object(Config\Cache), false)
 9 FCPATH\index.php(79): CodeIgniter\CodeIgniter->run()
CRITICAL - 2023-12-01 06:41:40 --> Undefined variable: row
in APPPATH\Views\employee\edit.php on line 4.
 1 APPPATH\Views\employee\edit.php(4): CodeIgniter\Debug\Exceptions->errorHandler(8, 'Undefined variable: row', 'C:\\xampp\\htdocs\\Hotel\\app\\Views\\employee\\edit.php', 4, [...])
 2 SYSTEMPATH\View\View.php(228): include('C:\\xampp\\htdocs\\Hotel\\app\\Views\\employee\\edit.php')
 3 SYSTEMPATH\View\View.php(231): CodeIgniter\View\View->CodeIgniter\View\{closure}()
 4 SYSTEMPATH\Common.php(1190): CodeIgniter\View\View->render('employee/edit', [], true)
 5 APPPATH\Controllers\Admin.php(77): view('employee/edit', [...])
 6 SYSTEMPATH\CodeIgniter.php(942): App\Controllers\Admin->edit('4')
 7 SYSTEMPATH\CodeIgniter.php(502): CodeIgniter\CodeIgniter->runController(Object(App\Controllers\Admin))
 8 SYSTEMPATH\CodeIgniter.php(361): CodeIgniter\CodeIgniter->handleRequest(null, Object(Config\Cache), false)
 9 FCPATH\index.php(79): CodeIgniter\CodeIgniter->run()
CRITICAL - 2023-12-01 09:15:16 --> Undefined variable: row
in APPPATH\Views\employee\edit.php on line 4.
 1 APPPATH\Views\employee\edit.php(4): CodeIgniter\Debug\Exceptions->errorHandler(8, 'Undefined variable: row', 'C:\\xampp\\htdocs\\Hotel\\app\\Views\\employee\\edit.php', 4, [...])
 2 SYSTEMPATH\View\View.php(228): include('C:\\xampp\\htdocs\\Hotel\\app\\Views\\employee\\edit.php')
 3 SYSTEMPATH\View\View.php(231): CodeIgniter\View\View->CodeIgniter\View\{closure}()
 4 SYSTEMPATH\Common.php(1190): CodeIgniter\View\View->render('employee/edit', [], true)
 5 APPPATH\Controllers\Admin.php(77): view('employee/edit', [...])
 6 SYSTEMPATH\CodeIgniter.php(942): App\Controllers\Admin->edit('1')
 7 SYSTEMPATH\CodeIgniter.php(502): CodeIgniter\CodeIgniter->runController(Object(App\Controllers\Admin))
 8 SYSTEMPATH\CodeIgniter.php(361): CodeIgniter\CodeIgniter->handleRequest(null, Object(Config\Cache), false)
 9 FCPATH\index.php(79): CodeIgniter\CodeIgniter->run()
