ERROR - 2023-12-07 11:09:22 --> mysqli_sql_exception: Duplicate entry '0' for key 'PRIMARY' in C:\xampp\htdocs\Hotel\system\Database\MySQLi\Connection.php:306
Stack trace:
#0 C:\xampp\htdocs\Hotel\system\Database\MySQLi\Connection.php(306): mysqli->query('INSERT INTO `fo...', 0)
#1 C:\xampp\htdocs\Hotel\system\Database\BaseConnection.php(693): CodeIgniter\Database\MySQLi\Connection->execute('INSERT INTO `fo...')
#2 C:\xampp\htdocs\Hotel\system\Database\BaseConnection.php(607): CodeIgniter\Database\BaseConnection->simpleQuery('INSERT INTO `fo...')
#3 C:\xampp\htdocs\Hotel\system\Database\BaseBuilder.php(2308): CodeIgniter\Database\BaseConnection->query('INSERT INTO `fo...', Array, false)
#4 C:\xampp\htdocs\Hotel\system\Model.php(319): CodeIgniter\Database\BaseBuilder->insert()
#5 C:\xampp\htdocs\Hotel\system\BaseModel.php(788): CodeIgniter\Model->doInsert(Array)
#6 C:\xampp\htdocs\Hotel\system\Model.php(715): CodeIgniter\BaseModel->insert(Array, true)
#7 C:\xampp\htdocs\Hotel\app\Controllers\Food.php(34): CodeIgniter\Model->insert(Array)
#8 C:\xampp\htdocs\Hotel\system\CodeIgniter.php(942): App\Controllers\Food->store()
#9 C:\xampp\htdocs\Hotel\system\CodeIgniter.php(502): CodeIgniter\CodeIgniter->runController(Object(App\Controllers\Food))
#10 C:\xampp\htdocs\Hotel\system\CodeIgniter.php(361): CodeIgniter\CodeIgniter->handleRequest(NULL, Object(Config\Cache), false)
#11 C:\xampp\htdocs\Hotel\index.php(79): CodeIgniter\CodeIgniter->run()
#12 {main}
CRITICAL - 2023-12-07 11:09:22 --> Duplicate entry '0' for key 'PRIMARY'
in SYSTEMPATH\Database\BaseConnection.php on line 647.
 1 SYSTEMPATH\Database\BaseBuilder.php(2308): CodeIgniter\Database\BaseConnection->query('INSERT INTO `foods` (`name`, `description`, `price`, `available`) VALUES (:name:, :description:, :price:, :available:)', [...], false)
 2 SYSTEMPATH\Model.php(319): CodeIgniter\Database\BaseBuilder->insert()
 3 SYSTEMPATH\BaseModel.php(788): CodeIgniter\Model->doInsert([...])
 4 SYSTEMPATH\Model.php(715): CodeIgniter\BaseModel->insert([...], true)
 5 APPPATH\Controllers\Food.php(34): CodeIgniter\Model->insert([...])
 6 SYSTEMPATH\CodeIgniter.php(942): App\Controllers\Food->store()
 7 SYSTEMPATH\CodeIgniter.php(502): CodeIgniter\CodeIgniter->runController(Object(App\Controllers\Food))
 8 SYSTEMPATH\CodeIgniter.php(361): CodeIgniter\CodeIgniter->handleRequest(null, Object(Config\Cache), false)
 9 FCPATH\index.php(79): CodeIgniter\CodeIgniter->run()
CRITICAL - 2023-12-07 11:33:32 --> Call to undefined function set_value()
in APPPATH\Views\food\create.php on line 8.
 1 SYSTEMPATH\View\View.php(228): include()
 2 SYSTEMPATH\View\View.php(231): CodeIgniter\View\View->CodeIgniter\View\{closure}()
 3 SYSTEMPATH\Common.php(1190): CodeIgniter\View\View->render('food/create', [], true)
 4 APPPATH\Controllers\Food.php(20): view('food/create')
 5 SYSTEMPATH\CodeIgniter.php(942): App\Controllers\Food->create()
 6 SYSTEMPATH\CodeIgniter.php(502): CodeIgniter\CodeIgniter->runController(Object(App\Controllers\Food))
 7 SYSTEMPATH\CodeIgniter.php(361): CodeIgniter\CodeIgniter->handleRequest(null, Object(Config\Cache), false)
 8 FCPATH\index.php(79): CodeIgniter\CodeIgniter->run()
CRITICAL - 2023-12-07 11:40:09 --> Call to undefined function set_value()
in APPPATH\Views\food\edit.php on line 34.
 1 SYSTEMPATH\View\View.php(228): include()
 2 SYSTEMPATH\View\View.php(231): CodeIgniter\View\View->CodeIgniter\View\{closure}()
 3 SYSTEMPATH\Common.php(1190): CodeIgniter\View\View->render('food/edit', [], true)
 4 APPPATH\Controllers\Food.php(46): view('food/edit', [...])
 5 SYSTEMPATH\CodeIgniter.php(942): App\Controllers\Food->edit('1')
 6 SYSTEMPATH\CodeIgniter.php(502): CodeIgniter\CodeIgniter->runController(Object(App\Controllers\Food))
 7 SYSTEMPATH\CodeIgniter.php(361): CodeIgniter\CodeIgniter->handleRequest(null, Object(Config\Cache), false)
 8 FCPATH\index.php(79): CodeIgniter\CodeIgniter->run()
CRITICAL - 2023-12-07 11:41:22 --> Call to undefined function set_value()
in APPPATH\Views\food\create.php on line 8.
 1 SYSTEMPATH\View\View.php(228): include()
 2 SYSTEMPATH\View\View.php(231): CodeIgniter\View\View->CodeIgniter\View\{closure}()
 3 SYSTEMPATH\Common.php(1190): CodeIgniter\View\View->render('food/create', [], true)
 4 APPPATH\Controllers\Food.php(20): view('food/create')
 5 SYSTEMPATH\CodeIgniter.php(942): App\Controllers\Food->create()
 6 SYSTEMPATH\CodeIgniter.php(502): CodeIgniter\CodeIgniter->runController(Object(App\Controllers\Food))
 7 SYSTEMPATH\CodeIgniter.php(361): CodeIgniter\CodeIgniter->handleRequest(null, Object(Config\Cache), false)
 8 FCPATH\index.php(79): CodeIgniter\CodeIgniter->run()
CRITICAL - 2023-12-07 11:43:39 --> Updates are not allowed unless they contain a "where" or "like" clause.
in SYSTEMPATH\Model.php on line 380.
 1 SYSTEMPATH\BaseModel.php(949): CodeIgniter\Model->doUpdate(null, [...])
 2 SYSTEMPATH\Model.php(776): CodeIgniter\BaseModel->update(null, [...])
 3 APPPATH\Controllers\Food.php(67): CodeIgniter\Model->update(null, [...])
 4 SYSTEMPATH\CodeIgniter.php(942): App\Controllers\Food->update()
 5 SYSTEMPATH\CodeIgniter.php(502): CodeIgniter\CodeIgniter->runController(Object(App\Controllers\Food))
 6 SYSTEMPATH\CodeIgniter.php(361): CodeIgniter\CodeIgniter->handleRequest(null, Object(Config\Cache), false)
 7 FCPATH\index.php(79): CodeIgniter\CodeIgniter->run()
CRITICAL - 2023-12-07 11:44:17 --> Too few arguments to function App\Controllers\Food::update(), 0 passed in C:\xampp\htdocs\Hotel\system\CodeIgniter.php on line 942 and exactly 1 expected
in APPPATH\Controllers\Food.php on line 54.
 1 SYSTEMPATH\CodeIgniter.php(942): App\Controllers\Food->update()
 2 SYSTEMPATH\CodeIgniter.php(502): CodeIgniter\CodeIgniter->runController(Object(App\Controllers\Food))
 3 SYSTEMPATH\CodeIgniter.php(361): CodeIgniter\CodeIgniter->handleRequest(null, Object(Config\Cache), false)
 4 FCPATH\index.php(79): CodeIgniter\CodeIgniter->run()
CRITICAL - 2023-12-07 11:44:23 --> Too few arguments to function App\Controllers\Food::update(), 0 passed in C:\xampp\htdocs\Hotel\system\CodeIgniter.php on line 942 and exactly 1 expected
in APPPATH\Controllers\Food.php on line 54.
 1 SYSTEMPATH\CodeIgniter.php(942): App\Controllers\Food->update()
 2 SYSTEMPATH\CodeIgniter.php(502): CodeIgniter\CodeIgniter->runController(Object(App\Controllers\Food))
 3 SYSTEMPATH\CodeIgniter.php(361): CodeIgniter\CodeIgniter->handleRequest(null, Object(Config\Cache), false)
 4 FCPATH\index.php(79): CodeIgniter\CodeIgniter->run()
CRITICAL - 2023-12-07 11:45:35 --> Too few arguments to function App\Controllers\Food::update(), 0 passed in C:\xampp\htdocs\Hotel\system\CodeIgniter.php on line 942 and exactly 1 expected
in APPPATH\Controllers\Food.php on line 54.
 1 SYSTEMPATH\CodeIgniter.php(942): App\Controllers\Food->update()
 2 SYSTEMPATH\CodeIgniter.php(502): CodeIgniter\CodeIgniter->runController(Object(App\Controllers\Food))
 3 SYSTEMPATH\CodeIgniter.php(361): CodeIgniter\CodeIgniter->handleRequest(null, Object(Config\Cache), false)
 4 FCPATH\index.php(79): CodeIgniter\CodeIgniter->run()
CRITICAL - 2023-12-07 11:45:42 --> Too few arguments to function App\Controllers\Food::update(), 0 passed in C:\xampp\htdocs\Hotel\system\CodeIgniter.php on line 942 and exactly 1 expected
in APPPATH\Controllers\Food.php on line 54.
 1 SYSTEMPATH\CodeIgniter.php(942): App\Controllers\Food->update()
 2 SYSTEMPATH\CodeIgniter.php(502): CodeIgniter\CodeIgniter->runController(Object(App\Controllers\Food))
 3 SYSTEMPATH\CodeIgniter.php(361): CodeIgniter\CodeIgniter->handleRequest(null, Object(Config\Cache), false)
 4 FCPATH\index.php(79): CodeIgniter\CodeIgniter->run()
CRITICAL - 2023-12-07 11:47:07 --> Too few arguments to function App\Controllers\Food::update(), 0 passed in C:\xampp\htdocs\Hotel\system\CodeIgniter.php on line 942 and exactly 1 expected
in APPPATH\Controllers\Food.php on line 54.
 1 SYSTEMPATH\CodeIgniter.php(942): App\Controllers\Food->update()
 2 SYSTEMPATH\CodeIgniter.php(502): CodeIgniter\CodeIgniter->runController(Object(App\Controllers\Food))
 3 SYSTEMPATH\CodeIgniter.php(361): CodeIgniter\CodeIgniter->handleRequest(null, Object(Config\Cache), false)
 4 FCPATH\index.php(79): CodeIgniter\CodeIgniter->run()
CRITICAL - 2023-12-07 11:48:54 --> Too few arguments to function App\Controllers\Food::update(), 0 passed in C:\xampp\htdocs\Hotel\system\CodeIgniter.php on line 942 and exactly 1 expected
in APPPATH\Controllers\Food.php on line 54.
 1 SYSTEMPATH\CodeIgniter.php(942): App\Controllers\Food->update()
 2 SYSTEMPATH\CodeIgniter.php(502): CodeIgniter\CodeIgniter->runController(Object(App\Controllers\Food))
 3 SYSTEMPATH\CodeIgniter.php(361): CodeIgniter\CodeIgniter->handleRequest(null, Object(Config\Cache), false)
 4 FCPATH\index.php(79): CodeIgniter\CodeIgniter->run()
CRITICAL - 2023-12-07 11:50:49 --> Too few arguments to function App\Controllers\Food::update(), 0 passed in C:\xampp\htdocs\Hotel\system\CodeIgniter.php on line 942 and exactly 1 expected
in APPPATH\Controllers\Food.php on line 54.
 1 SYSTEMPATH\CodeIgniter.php(942): App\Controllers\Food->update()
 2 SYSTEMPATH\CodeIgniter.php(502): CodeIgniter\CodeIgniter->runController(Object(App\Controllers\Food))
 3 SYSTEMPATH\CodeIgniter.php(361): CodeIgniter\CodeIgniter->handleRequest(null, Object(Config\Cache), false)
 4 FCPATH\index.php(79): CodeIgniter\CodeIgniter->run()
CRITICAL - 2023-12-07 11:51:15 --> Undefined variable: model
in APPPATH\Controllers\Food.php on line 57.
 1 APPPATH\Controllers\Food.php(57): CodeIgniter\Debug\Exceptions->errorHandler(8, 'Undefined variable: model', 'C:\\xampp\\htdocs\\Hotel\\app\\Controllers\\Food.php', 57, [...])
 2 SYSTEMPATH\CodeIgniter.php(942): App\Controllers\Food->update('$1')
 3 SYSTEMPATH\CodeIgniter.php(502): CodeIgniter\CodeIgniter->runController(Object(App\Controllers\Food))
 4 SYSTEMPATH\CodeIgniter.php(361): CodeIgniter\CodeIgniter->handleRequest(null, Object(Config\Cache), false)
 5 FCPATH\index.php(79): CodeIgniter\CodeIgniter->run()
CRITICAL - 2023-12-07 11:51:27 --> Undefined variable: model
in APPPATH\Controllers\Food.php on line 57.
 1 APPPATH\Controllers\Food.php(57): CodeIgniter\Debug\Exceptions->errorHandler(8, 'Undefined variable: model', 'C:\\xampp\\htdocs\\Hotel\\app\\Controllers\\Food.php', 57, [...])
 2 SYSTEMPATH\CodeIgniter.php(942): App\Controllers\Food->update('$1')
 3 SYSTEMPATH\CodeIgniter.php(502): CodeIgniter\CodeIgniter->runController(Object(App\Controllers\Food))
 4 SYSTEMPATH\CodeIgniter.php(361): CodeIgniter\CodeIgniter->handleRequest(null, Object(Config\Cache), false)
 5 FCPATH\index.php(79): CodeIgniter\CodeIgniter->run()
CRITICAL - 2023-12-07 11:54:20 --> Undefined variable: model
in APPPATH\Controllers\Food.php on line 57.
 1 APPPATH\Controllers\Food.php(57): CodeIgniter\Debug\Exceptions->errorHandler(8, 'Undefined variable: model', 'C:\\xampp\\htdocs\\Hotel\\app\\Controllers\\Food.php', 57, [...])
 2 SYSTEMPATH\CodeIgniter.php(942): App\Controllers\Food->update('3')
 3 SYSTEMPATH\CodeIgniter.php(502): CodeIgniter\CodeIgniter->runController(Object(App\Controllers\Food))
 4 SYSTEMPATH\CodeIgniter.php(361): CodeIgniter\CodeIgniter->handleRequest(null, Object(Config\Cache), false)
 5 FCPATH\index.php(79): CodeIgniter\CodeIgniter->run()
CRITICAL - 2023-12-07 12:00:51 --> Undefined variable: totalfood
in APPPATH\Views\Admin\dashboard.php on line 90.
 1 APPPATH\Views\Admin\dashboard.php(90): CodeIgniter\Debug\Exceptions->errorHandler(8, 'Undefined variable: totalfood', 'C:\\xampp\\htdocs\\Hotel\\app\\Views\\Admin\\dashboard.php', 90, [...])
 2 SYSTEMPATH\View\View.php(228): include('C:\\xampp\\htdocs\\Hotel\\app\\Views\\Admin\\dashboard.php')
 3 SYSTEMPATH\View\View.php(231): CodeIgniter\View\View->CodeIgniter\View\{closure}()
 4 SYSTEMPATH\Common.php(1190): CodeIgniter\View\View->render('Admin/dashboard', [], true)
 5 APPPATH\Controllers\Admin.php(25): view('Admin/dashboard', [...])
 6 SYSTEMPATH\CodeIgniter.php(942): App\Controllers\Admin->dashboard()
 7 SYSTEMPATH\CodeIgniter.php(502): CodeIgniter\CodeIgniter->runController(Object(App\Controllers\Admin))
 8 SYSTEMPATH\CodeIgniter.php(361): CodeIgniter\CodeIgniter->handleRequest(null, Object(Config\Cache), false)
 9 FCPATH\index.php(79): CodeIgniter\CodeIgniter->run()
CRITICAL - 2023-12-07 12:04:07 --> Undefined variable: totalfood
in APPPATH\Views\Admin\dashboard.php on line 90.
 1 APPPATH\Views\Admin\dashboard.php(90): CodeIgniter\Debug\Exceptions->errorHandler(8, 'Undefined variable: totalfood', 'C:\\xampp\\htdocs\\Hotel\\app\\Views\\Admin\\dashboard.php', 90, [...])
 2 SYSTEMPATH\View\View.php(228): include('C:\\xampp\\htdocs\\Hotel\\app\\Views\\Admin\\dashboard.php')
 3 SYSTEMPATH\View\View.php(231): CodeIgniter\View\View->CodeIgniter\View\{closure}()
 4 SYSTEMPATH\Common.php(1190): CodeIgniter\View\View->render('Admin/dashboard', [], true)
 5 APPPATH\Controllers\Admin.php(25): view('Admin/dashboard', [...])
 6 SYSTEMPATH\CodeIgniter.php(942): App\Controllers\Admin->dashboard()
 7 SYSTEMPATH\CodeIgniter.php(502): CodeIgniter\CodeIgniter->runController(Object(App\Controllers\Admin))
 8 SYSTEMPATH\CodeIgniter.php(361): CodeIgniter\CodeIgniter->handleRequest(null, Object(Config\Cache), false)
 9 FCPATH\index.php(79): CodeIgniter\CodeIgniter->run()
CRITICAL - 2023-12-07 12:04:18 --> Undefined variable: totalfood
in APPPATH\Views\Admin\dashboard.php on line 90.
 1 APPPATH\Views\Admin\dashboard.php(90): CodeIgniter\Debug\Exceptions->errorHandler(8, 'Undefined variable: totalfood', 'C:\\xampp\\htdocs\\Hotel\\app\\Views\\Admin\\dashboard.php', 90, [...])
 2 SYSTEMPATH\View\View.php(228): include('C:\\xampp\\htdocs\\Hotel\\app\\Views\\Admin\\dashboard.php')
 3 SYSTEMPATH\View\View.php(231): CodeIgniter\View\View->CodeIgniter\View\{closure}()
 4 SYSTEMPATH\Common.php(1190): CodeIgniter\View\View->render('Admin/dashboard', [], true)
 5 APPPATH\Controllers\Admin.php(25): view('Admin/dashboard', [...])
 6 SYSTEMPATH\CodeIgniter.php(942): App\Controllers\Admin->dashboard()
 7 SYSTEMPATH\CodeIgniter.php(502): CodeIgniter\CodeIgniter->runController(Object(App\Controllers\Admin))
 8 SYSTEMPATH\CodeIgniter.php(361): CodeIgniter\CodeIgniter->handleRequest(null, Object(Config\Cache), false)
 9 FCPATH\index.php(79): CodeIgniter\CodeIgniter->run()
CRITICAL - 2023-12-07 12:06:32 --> Undefined variable: totalfood
in APPPATH\Views\Admin\dashboard.php on line 90.
 1 APPPATH\Views\Admin\dashboard.php(90): CodeIgniter\Debug\Exceptions->errorHandler(8, 'Undefined variable: totalfood', 'C:\\xampp\\htdocs\\Hotel\\app\\Views\\Admin\\dashboard.php', 90, [...])
 2 SYSTEMPATH\View\View.php(228): include('C:\\xampp\\htdocs\\Hotel\\app\\Views\\Admin\\dashboard.php')
 3 SYSTEMPATH\View\View.php(231): CodeIgniter\View\View->CodeIgniter\View\{closure}()
 4 SYSTEMPATH\Common.php(1190): CodeIgniter\View\View->render('Admin/dashboard', [], true)
 5 APPPATH\Controllers\Admin.php(25): view('Admin/dashboard', [...])
 6 SYSTEMPATH\CodeIgniter.php(942): App\Controllers\Admin->dashboard()
 7 SYSTEMPATH\CodeIgniter.php(502): CodeIgniter\CodeIgniter->runController(Object(App\Controllers\Admin))
 8 SYSTEMPATH\CodeIgniter.php(361): CodeIgniter\CodeIgniter->handleRequest(null, Object(Config\Cache), false)
 9 FCPATH\index.php(79): CodeIgniter\CodeIgniter->run()
CRITICAL - 2023-12-07 12:06:34 --> Undefined variable: totalfood
in APPPATH\Views\Admin\dashboard.php on line 90.
 1 APPPATH\Views\Admin\dashboard.php(90): CodeIgniter\Debug\Exceptions->errorHandler(8, 'Undefined variable: totalfood', 'C:\\xampp\\htdocs\\Hotel\\app\\Views\\Admin\\dashboard.php', 90, [...])
 2 SYSTEMPATH\View\View.php(228): include('C:\\xampp\\htdocs\\Hotel\\app\\Views\\Admin\\dashboard.php')
 3 SYSTEMPATH\View\View.php(231): CodeIgniter\View\View->CodeIgniter\View\{closure}()
 4 SYSTEMPATH\Common.php(1190): CodeIgniter\View\View->render('Admin/dashboard', [], true)
 5 APPPATH\Controllers\Admin.php(25): view('Admin/dashboard', [...])
 6 SYSTEMPATH\CodeIgniter.php(942): App\Controllers\Admin->dashboard()
 7 SYSTEMPATH\CodeIgniter.php(502): CodeIgniter\CodeIgniter->runController(Object(App\Controllers\Admin))
 8 SYSTEMPATH\CodeIgniter.php(361): CodeIgniter\CodeIgniter->handleRequest(null, Object(Config\Cache), false)
 9 FCPATH\index.php(79): CodeIgniter\CodeIgniter->run()
CRITICAL - 2023-12-07 12:11:24 --> Undefined variable: totalCount
in APPPATH\Views\Admin\dashboard.php on line 90.
 1 APPPATH\Views\Admin\dashboard.php(90): CodeIgniter\Debug\Exceptions->errorHandler(8, 'Undefined variable: totalCount', 'C:\\xampp\\htdocs\\Hotel\\app\\Views\\Admin\\dashboard.php', 90, [...])
 2 SYSTEMPATH\View\View.php(228): include('C:\\xampp\\htdocs\\Hotel\\app\\Views\\Admin\\dashboard.php')
 3 SYSTEMPATH\View\View.php(231): CodeIgniter\View\View->CodeIgniter\View\{closure}()
 4 SYSTEMPATH\Common.php(1190): CodeIgniter\View\View->render('Admin/dashboard', [], true)
 5 APPPATH\Controllers\Admin.php(25): view('Admin/dashboard', [...])
 6 SYSTEMPATH\CodeIgniter.php(942): App\Controllers\Admin->dashboard()
 7 SYSTEMPATH\CodeIgniter.php(502): CodeIgniter\CodeIgniter->runController(Object(App\Controllers\Admin))
 8 SYSTEMPATH\CodeIgniter.php(361): CodeIgniter\CodeIgniter->handleRequest(null, Object(Config\Cache), false)
 9 FCPATH\index.php(79): CodeIgniter\CodeIgniter->run()
CRITICAL - 2023-12-07 12:11:28 --> Undefined variable: totalCount
in APPPATH\Views\Admin\dashboard.php on line 90.
 1 APPPATH\Views\Admin\dashboard.php(90): CodeIgniter\Debug\Exceptions->errorHandler(8, 'Undefined variable: totalCount', 'C:\\xampp\\htdocs\\Hotel\\app\\Views\\Admin\\dashboard.php', 90, [...])
 2 SYSTEMPATH\View\View.php(228): include('C:\\xampp\\htdocs\\Hotel\\app\\Views\\Admin\\dashboard.php')
 3 SYSTEMPATH\View\View.php(231): CodeIgniter\View\View->CodeIgniter\View\{closure}()
 4 SYSTEMPATH\Common.php(1190): CodeIgniter\View\View->render('Admin/dashboard', [], true)
 5 APPPATH\Controllers\Admin.php(25): view('Admin/dashboard', [...])
 6 SYSTEMPATH\CodeIgniter.php(942): App\Controllers\Admin->dashboard()
 7 SYSTEMPATH\CodeIgniter.php(502): CodeIgniter\CodeIgniter->runController(Object(App\Controllers\Admin))
 8 SYSTEMPATH\CodeIgniter.php(361): CodeIgniter\CodeIgniter->handleRequest(null, Object(Config\Cache), false)
 9 FCPATH\index.php(79): CodeIgniter\CodeIgniter->run()
CRITICAL - 2023-12-07 12:11:45 --> Undefined variable: totalCount
in APPPATH\Views\Admin\dashboard.php on line 90.
 1 APPPATH\Views\Admin\dashboard.php(90): CodeIgniter\Debug\Exceptions->errorHandler(8, 'Undefined variable: totalCount', 'C:\\xampp\\htdocs\\Hotel\\app\\Views\\Admin\\dashboard.php', 90, [...])
 2 SYSTEMPATH\View\View.php(228): include('C:\\xampp\\htdocs\\Hotel\\app\\Views\\Admin\\dashboard.php')
 3 SYSTEMPATH\View\View.php(231): CodeIgniter\View\View->CodeIgniter\View\{closure}()
 4 SYSTEMPATH\Common.php(1190): CodeIgniter\View\View->render('Admin/dashboard', [], true)
 5 APPPATH\Controllers\Admin.php(25): view('Admin/dashboard', [...])
 6 SYSTEMPATH\CodeIgniter.php(942): App\Controllers\Admin->dashboard()
 7 SYSTEMPATH\CodeIgniter.php(502): CodeIgniter\CodeIgniter->runController(Object(App\Controllers\Admin))
 8 SYSTEMPATH\CodeIgniter.php(361): CodeIgniter\CodeIgniter->handleRequest(null, Object(Config\Cache), false)
 9 FCPATH\index.php(79): CodeIgniter\CodeIgniter->run()
CRITICAL - 2023-12-07 12:11:50 --> Undefined variable: totalCount
in APPPATH\Views\Admin\dashboard.php on line 90.
 1 APPPATH\Views\Admin\dashboard.php(90): CodeIgniter\Debug\Exceptions->errorHandler(8, 'Undefined variable: totalCount', 'C:\\xampp\\htdocs\\Hotel\\app\\Views\\Admin\\dashboard.php', 90, [...])
 2 SYSTEMPATH\View\View.php(228): include('C:\\xampp\\htdocs\\Hotel\\app\\Views\\Admin\\dashboard.php')
 3 SYSTEMPATH\View\View.php(231): CodeIgniter\View\View->CodeIgniter\View\{closure}()
 4 SYSTEMPATH\Common.php(1190): CodeIgniter\View\View->render('Admin/dashboard', [], true)
 5 APPPATH\Controllers\Admin.php(25): view('Admin/dashboard', [...])
 6 SYSTEMPATH\CodeIgniter.php(942): App\Controllers\Admin->dashboard()
 7 SYSTEMPATH\CodeIgniter.php(502): CodeIgniter\CodeIgniter->runController(Object(App\Controllers\Admin))
 8 SYSTEMPATH\CodeIgniter.php(361): CodeIgniter\CodeIgniter->handleRequest(null, Object(Config\Cache), false)
 9 FCPATH\index.php(79): CodeIgniter\CodeIgniter->run()
CRITICAL - 2023-12-07 12:12:26 --> Undefined variable: totalCount
in APPPATH\Views\Admin\dashboard.php on line 90.
 1 APPPATH\Views\Admin\dashboard.php(90): CodeIgniter\Debug\Exceptions->errorHandler(8, 'Undefined variable: totalCount', 'C:\\xampp\\htdocs\\Hotel\\app\\Views\\Admin\\dashboard.php', 90, [...])
 2 SYSTEMPATH\View\View.php(228): include('C:\\xampp\\htdocs\\Hotel\\app\\Views\\Admin\\dashboard.php')
 3 SYSTEMPATH\View\View.php(231): CodeIgniter\View\View->CodeIgniter\View\{closure}()
 4 SYSTEMPATH\Common.php(1190): CodeIgniter\View\View->render('Admin/dashboard', [], true)
 5 APPPATH\Controllers\Admin.php(25): view('Admin/dashboard', [...])
 6 SYSTEMPATH\CodeIgniter.php(942): App\Controllers\Admin->dashboard()
 7 SYSTEMPATH\CodeIgniter.php(502): CodeIgniter\CodeIgniter->runController(Object(App\Controllers\Admin))
 8 SYSTEMPATH\CodeIgniter.php(361): CodeIgniter\CodeIgniter->handleRequest(null, Object(Config\Cache), false)
 9 FCPATH\index.php(79): CodeIgniter\CodeIgniter->run()
CRITICAL - 2023-12-07 12:13:52 --> Undefined variable: totalCount
in APPPATH\Views\Admin\dashboard.php on line 90.
 1 APPPATH\Views\Admin\dashboard.php(90): CodeIgniter\Debug\Exceptions->errorHandler(8, 'Undefined variable: totalCount', 'C:\\xampp\\htdocs\\Hotel\\app\\Views\\Admin\\dashboard.php', 90, [...])
 2 SYSTEMPATH\View\View.php(228): include('C:\\xampp\\htdocs\\Hotel\\app\\Views\\Admin\\dashboard.php')
 3 SYSTEMPATH\View\View.php(231): CodeIgniter\View\View->CodeIgniter\View\{closure}()
 4 SYSTEMPATH\Common.php(1190): CodeIgniter\View\View->render('Admin/dashboard', [], true)
 5 APPPATH\Controllers\Admin.php(25): view('Admin/dashboard', [...])
 6 SYSTEMPATH\CodeIgniter.php(942): App\Controllers\Admin->dashboard()
 7 SYSTEMPATH\CodeIgniter.php(502): CodeIgniter\CodeIgniter->runController(Object(App\Controllers\Admin))
 8 SYSTEMPATH\CodeIgniter.php(361): CodeIgniter\CodeIgniter->handleRequest(null, Object(Config\Cache), false)
 9 FCPATH\index.php(79): CodeIgniter\CodeIgniter->run()
CRITICAL - 2023-12-07 12:14:15 --> Undefined variable: totalCount
in APPPATH\Views\Admin\dashboard.php on line 90.
 1 APPPATH\Views\Admin\dashboard.php(90): CodeIgniter\Debug\Exceptions->errorHandler(8, 'Undefined variable: totalCount', 'C:\\xampp\\htdocs\\Hotel\\app\\Views\\Admin\\dashboard.php', 90, [...])
 2 SYSTEMPATH\View\View.php(228): include('C:\\xampp\\htdocs\\Hotel\\app\\Views\\Admin\\dashboard.php')
 3 SYSTEMPATH\View\View.php(231): CodeIgniter\View\View->CodeIgniter\View\{closure}()
 4 SYSTEMPATH\Common.php(1190): CodeIgniter\View\View->render('Admin/dashboard', [], true)
 5 APPPATH\Controllers\Admin.php(25): view('Admin/dashboard', [...])
 6 SYSTEMPATH\CodeIgniter.php(942): App\Controllers\Admin->dashboard()
 7 SYSTEMPATH\CodeIgniter.php(502): CodeIgniter\CodeIgniter->runController(Object(App\Controllers\Admin))
 8 SYSTEMPATH\CodeIgniter.php(361): CodeIgniter\CodeIgniter->handleRequest(null, Object(Config\Cache), false)
 9 FCPATH\index.php(79): CodeIgniter\CodeIgniter->run()
CRITICAL - 2023-12-07 12:20:55 --> Undefined variable: totalfoods
in APPPATH\Views\Admin\dashboard.php on line 90.
 1 APPPATH\Views\Admin\dashboard.php(90): CodeIgniter\Debug\Exceptions->errorHandler(8, 'Undefined variable: totalfoods', 'C:\\xampp\\htdocs\\Hotel\\app\\Views\\Admin\\dashboard.php', 90, [...])
 2 SYSTEMPATH\View\View.php(228): include('C:\\xampp\\htdocs\\Hotel\\app\\Views\\Admin\\dashboard.php')
 3 SYSTEMPATH\View\View.php(231): CodeIgniter\View\View->CodeIgniter\View\{closure}()
 4 SYSTEMPATH\Common.php(1190): CodeIgniter\View\View->render('Admin/dashboard', [], true)
 5 APPPATH\Controllers\Admin.php(25): view('Admin/dashboard', [...])
 6 SYSTEMPATH\CodeIgniter.php(942): App\Controllers\Admin->dashboard()
 7 SYSTEMPATH\CodeIgniter.php(502): CodeIgniter\CodeIgniter->runController(Object(App\Controllers\Admin))
 8 SYSTEMPATH\CodeIgniter.php(361): CodeIgniter\CodeIgniter->handleRequest(null, Object(Config\Cache), false)
 9 FCPATH\index.php(79): CodeIgniter\CodeIgniter->run()
CRITICAL - 2023-12-07 12:21:00 --> Undefined variable: totalfoods
in APPPATH\Views\Admin\dashboard.php on line 90.
 1 APPPATH\Views\Admin\dashboard.php(90): CodeIgniter\Debug\Exceptions->errorHandler(8, 'Undefined variable: totalfoods', 'C:\\xampp\\htdocs\\Hotel\\app\\Views\\Admin\\dashboard.php', 90, [...])
 2 SYSTEMPATH\View\View.php(228): include('C:\\xampp\\htdocs\\Hotel\\app\\Views\\Admin\\dashboard.php')
 3 SYSTEMPATH\View\View.php(231): CodeIgniter\View\View->CodeIgniter\View\{closure}()
 4 SYSTEMPATH\Common.php(1190): CodeIgniter\View\View->render('Admin/dashboard', [], true)
 5 APPPATH\Controllers\Admin.php(25): view('Admin/dashboard', [...])
 6 SYSTEMPATH\CodeIgniter.php(942): App\Controllers\Admin->dashboard()
 7 SYSTEMPATH\CodeIgniter.php(502): CodeIgniter\CodeIgniter->runController(Object(App\Controllers\Admin))
 8 SYSTEMPATH\CodeIgniter.php(361): CodeIgniter\CodeIgniter->handleRequest(null, Object(Config\Cache), false)
 9 FCPATH\index.php(79): CodeIgniter\CodeIgniter->run()
CRITICAL - 2023-12-07 12:22:29 --> Undefined variable: totalcount
in APPPATH\Views\Admin\dashboard.php on line 90.
 1 APPPATH\Views\Admin\dashboard.php(90): CodeIgniter\Debug\Exceptions->errorHandler(8, 'Undefined variable: totalcount', 'C:\\xampp\\htdocs\\Hotel\\app\\Views\\Admin\\dashboard.php', 90, [...])
 2 SYSTEMPATH\View\View.php(228): include('C:\\xampp\\htdocs\\Hotel\\app\\Views\\Admin\\dashboard.php')
 3 SYSTEMPATH\View\View.php(231): CodeIgniter\View\View->CodeIgniter\View\{closure}()
 4 SYSTEMPATH\Common.php(1190): CodeIgniter\View\View->render('Admin/dashboard', [], true)
 5 APPPATH\Controllers\Admin.php(25): view('Admin/dashboard', [...])
 6 SYSTEMPATH\CodeIgniter.php(942): App\Controllers\Admin->dashboard()
 7 SYSTEMPATH\CodeIgniter.php(502): CodeIgniter\CodeIgniter->runController(Object(App\Controllers\Admin))
 8 SYSTEMPATH\CodeIgniter.php(361): CodeIgniter\CodeIgniter->handleRequest(null, Object(Config\Cache), false)
 9 FCPATH\index.php(79): CodeIgniter\CodeIgniter->run()
CRITICAL - 2023-12-07 12:23:53 --> Undefined variable: totalcount
in APPPATH\Views\Admin\dashboard.php on line 90.
 1 APPPATH\Views\Admin\dashboard.php(90): CodeIgniter\Debug\Exceptions->errorHandler(8, 'Undefined variable: totalcount', 'C:\\xampp\\htdocs\\Hotel\\app\\Views\\Admin\\dashboard.php', 90, [...])
 2 SYSTEMPATH\View\View.php(228): include('C:\\xampp\\htdocs\\Hotel\\app\\Views\\Admin\\dashboard.php')
 3 SYSTEMPATH\View\View.php(231): CodeIgniter\View\View->CodeIgniter\View\{closure}()
 4 SYSTEMPATH\Common.php(1190): CodeIgniter\View\View->render('Admin/dashboard', [], true)
 5 APPPATH\Controllers\Admin.php(25): view('Admin/dashboard', [...])
 6 SYSTEMPATH\CodeIgniter.php(942): App\Controllers\Admin->dashboard()
 7 SYSTEMPATH\CodeIgniter.php(502): CodeIgniter\CodeIgniter->runController(Object(App\Controllers\Admin))
 8 SYSTEMPATH\CodeIgniter.php(361): CodeIgniter\CodeIgniter->handleRequest(null, Object(Config\Cache), false)
 9 FCPATH\index.php(79): CodeIgniter\CodeIgniter->run()
CRITICAL - 2023-12-07 12:23:59 --> Undefined variable: totalcount
in APPPATH\Views\Admin\dashboard.php on line 90.
 1 APPPATH\Views\Admin\dashboard.php(90): CodeIgniter\Debug\Exceptions->errorHandler(8, 'Undefined variable: totalcount', 'C:\\xampp\\htdocs\\Hotel\\app\\Views\\Admin\\dashboard.php', 90, [...])
 2 SYSTEMPATH\View\View.php(228): include('C:\\xampp\\htdocs\\Hotel\\app\\Views\\Admin\\dashboard.php')
 3 SYSTEMPATH\View\View.php(231): CodeIgniter\View\View->CodeIgniter\View\{closure}()
 4 SYSTEMPATH\Common.php(1190): CodeIgniter\View\View->render('Admin/dashboard', [], true)
 5 APPPATH\Controllers\Admin.php(25): view('Admin/dashboard', [...])
 6 SYSTEMPATH\CodeIgniter.php(942): App\Controllers\Admin->dashboard()
 7 SYSTEMPATH\CodeIgniter.php(502): CodeIgniter\CodeIgniter->runController(Object(App\Controllers\Admin))
 8 SYSTEMPATH\CodeIgniter.php(361): CodeIgniter\CodeIgniter->handleRequest(null, Object(Config\Cache), false)
 9 FCPATH\index.php(79): CodeIgniter\CodeIgniter->run()
