CRITICAL - 2023-12-08 07:59:32 --> Undefined variable: foods
in APPPATH\Views\reservation\index.php on line 46.
 1 APPPATH\Views\reservation\index.php(46): CodeIgniter\Debug\Exceptions->errorHandler(8, 'Undefined variable: foods', 'C:\\xampp\\htdocs\\Hotel\\app\\Views\\reservation\\index.php', 46, [...])
 2 SYSTEMPATH\View\View.php(228): include('C:\\xampp\\htdocs\\Hotel\\app\\Views\\reservation\\index.php')
 3 SYSTEMPATH\View\View.php(231): CodeIgniter\View\View->CodeIgniter\View\{closure}()
 4 SYSTEMPATH\Common.php(1190): CodeIgniter\View\View->render('reservation/index', [], true)
 5 APPPATH\Controllers\Reservation.php(16): view('reservation/index', [...])
 6 SYSTEMPATH\CodeIgniter.php(942): App\Controllers\Reservation->index()
 7 SYSTEMPATH\CodeIgniter.php(502): CodeIgniter\CodeIgniter->runController(Object(App\Controllers\Reservation))
 8 SYSTEMPATH\CodeIgniter.php(361): CodeIgniter\CodeIgniter->handleRequest(null, Object(Config\Cache), false)
 9 FCPATH\index.php(79): CodeIgniter\CodeIgniter->run()
CRITICAL - 2023-12-08 08:11:13 --> Call to undefined function set_value()
in APPPATH\Views\reservation\create.php on line 10.
 1 SYSTEMPATH\View\View.php(228): include()
 2 SYSTEMPATH\View\View.php(231): CodeIgniter\View\View->CodeIgniter\View\{closure}()
 3 SYSTEMPATH\Common.php(1190): CodeIgniter\View\View->render('reservation/create', [], true)
 4 APPPATH\Controllers\Reservation.php(23): view('reservation/create')
 5 SYSTEMPATH\CodeIgniter.php(942): App\Controllers\Reservation->create()
 6 SYSTEMPATH\CodeIgniter.php(502): CodeIgniter\CodeIgniter->runController(Object(App\Controllers\Reservation))
 7 SYSTEMPATH\CodeIgniter.php(361): CodeIgniter\CodeIgniter->handleRequest(null, Object(Config\Cache), false)
 8 FCPATH\index.php(79): CodeIgniter\CodeIgniter->run()
CRITICAL - 2023-12-08 08:23:47 --> Undefined variable: food
in APPPATH\Views\reservations\index.php on line 53.
 1 APPPATH\Views\reservations\index.php(53): CodeIgniter\Debug\Exceptions->errorHandler(8, 'Undefined variable: food', 'C:\\xampp\\htdocs\\Hotel\\app\\Views\\reservations\\index.php', 53, [...])
 2 SYSTEMPATH\View\View.php(228): include('C:\\xampp\\htdocs\\Hotel\\app\\Views\\reservations\\index.php')
 3 SYSTEMPATH\View\View.php(231): CodeIgniter\View\View->CodeIgniter\View\{closure}()
 4 SYSTEMPATH\Common.php(1190): CodeIgniter\View\View->render('reservations/index', [], true)
 5 APPPATH\Controllers\Reservation.php(21): view('reservations/index', [...])
 6 SYSTEMPATH\CodeIgniter.php(942): App\Controllers\Reservation->index()
 7 SYSTEMPATH\CodeIgniter.php(502): CodeIgniter\CodeIgniter->runController(Object(App\Controllers\Reservation))
 8 SYSTEMPATH\CodeIgniter.php(361): CodeIgniter\CodeIgniter->handleRequest(null, Object(Config\Cache), false)
 9 FCPATH\index.php(79): CodeIgniter\CodeIgniter->run()
WARNING - 2023-12-08 08:39:49 --> [DEPRECATED] Unparenthesized `a ? b : c ?: d` is deprecated. Use either `(a ? b : c) ?: d` or `a ? b : (c ?: d)` in APPPATH\Views\reservations\index.php on line 52.
 1 SYSTEMPATH\View\View.php(228): include()
 2 SYSTEMPATH\View\View.php(231): CodeIgniter\View\View->CodeIgniter\View\{closure}()
 3 SYSTEMPATH\Common.php(1190): CodeIgniter\View\View->render('reservations/index', [], true)
 4 APPPATH\Controllers\Reservation.php(21): view('reservations/index', [...])
 5 SYSTEMPATH\CodeIgniter.php(942): App\Controllers\Reservation->index()
 6 SYSTEMPATH\CodeIgniter.php(502): CodeIgniter\CodeIgniter->runController(Object(App\Controllers\Reservation))
 7 SYSTEMPATH\CodeIgniter.php(361): CodeIgniter\CodeIgniter->handleRequest(null, Object(Config\Cache), false)
 8 FCPATH\index.php(79): CodeIgniter\CodeIgniter->run()
WARNING - 2023-12-08 08:39:49 --> [DEPRECATED] Unparenthesized `a ? b : c ?: d` is deprecated. Use either `(a ? b : c) ?: d` or `a ? b : (c ?: d)` in APPPATH\Views\reservations\index.php on line 53.
 1 SYSTEMPATH\View\View.php(228): include()
 2 SYSTEMPATH\View\View.php(231): CodeIgniter\View\View->CodeIgniter\View\{closure}()
 3 SYSTEMPATH\Common.php(1190): CodeIgniter\View\View->render('reservations/index', [], true)
 4 APPPATH\Controllers\Reservation.php(21): view('reservations/index', [...])
 5 SYSTEMPATH\CodeIgniter.php(942): App\Controllers\Reservation->index()
 6 SYSTEMPATH\CodeIgniter.php(502): CodeIgniter\CodeIgniter->runController(Object(App\Controllers\Reservation))
 7 SYSTEMPATH\CodeIgniter.php(361): CodeIgniter\CodeIgniter->handleRequest(null, Object(Config\Cache), false)
 8 FCPATH\index.php(79): CodeIgniter\CodeIgniter->run()
CRITICAL - 2023-12-08 08:52:23 --> Undefined variable: food
in APPPATH\Views\reservations\edit.php on line 52.
 1 APPPATH\Views\reservations\edit.php(52): CodeIgniter\Debug\Exceptions->errorHandler(8, 'Undefined variable: food', 'C:\\xampp\\htdocs\\Hotel\\app\\Views\\reservations\\edit.php', 52, [...])
 2 SYSTEMPATH\View\View.php(228): include('C:\\xampp\\htdocs\\Hotel\\app\\Views\\reservations\\edit.php')
 3 SYSTEMPATH\View\View.php(231): CodeIgniter\View\View->CodeIgniter\View\{closure}()
 4 SYSTEMPATH\Common.php(1190): CodeIgniter\View\View->render('reservations/edit', [], true)
 5 APPPATH\Controllers\Reservation.php(58): view('reservations/edit', [...])
 6 SYSTEMPATH\CodeIgniter.php(942): App\Controllers\Reservation->edit('5')
 7 SYSTEMPATH\CodeIgniter.php(502): CodeIgniter\CodeIgniter->runController(Object(App\Controllers\Reservation))
 8 SYSTEMPATH\CodeIgniter.php(361): CodeIgniter\CodeIgniter->handleRequest(null, Object(Config\Cache), false)
 9 FCPATH\index.php(79): CodeIgniter\CodeIgniter->run()
CRITICAL - 2023-12-08 09:01:01 --> Undefined variable: foodModel
in APPPATH\Controllers\Reservation.php on line 66.
 1 APPPATH\Controllers\Reservation.php(66): CodeIgniter\Debug\Exceptions->errorHandler(8, 'Undefined variable: foodModel', 'C:\\xampp\\htdocs\\Hotel\\app\\Controllers\\Reservation.php', 66, [...])
 2 SYSTEMPATH\CodeIgniter.php(942): App\Controllers\Reservation->update('5')
 3 SYSTEMPATH\CodeIgniter.php(502): CodeIgniter\CodeIgniter->runController(Object(App\Controllers\Reservation))
 4 SYSTEMPATH\CodeIgniter.php(361): CodeIgniter\CodeIgniter->handleRequest(null, Object(Config\Cache), false)
 5 FCPATH\index.php(79): CodeIgniter\CodeIgniter->run()
CRITICAL - 2023-12-08 09:02:47 --> Undefined variable: totalcount
in APPPATH\Views\Admin\dashboard.php on line 90.
 1 APPPATH\Views\Admin\dashboard.php(90): CodeIgniter\Debug\Exceptions->errorHandler(8, 'Undefined variable: totalcount', 'C:\\xampp\\htdocs\\Hotel\\app\\Views\\Admin\\dashboard.php', 90, [...])
 2 SYSTEMPATH\View\View.php(228): include('C:\\xampp\\htdocs\\Hotel\\app\\Views\\Admin\\dashboard.php')
 3 SYSTEMPATH\View\View.php(231): CodeIgniter\View\View->CodeIgniter\View\{closure}()
 4 SYSTEMPATH\Common.php(1190): CodeIgniter\View\View->render('Admin/dashboard', [], true)
 5 APPPATH\Controllers\Admin.php(25): view('Admin/dashboard', [...])
 6 SYSTEMPATH\CodeIgniter.php(942): App\Controllers\Admin->dashboard()
 7 SYSTEMPATH\CodeIgniter.php(502): CodeIgniter\CodeIgniter->runController(Object(App\Controllers\Admin))
 8 SYSTEMPATH\CodeIgniter.php(361): CodeIgniter\CodeIgniter->handleRequest(null, Object(Config\Cache), false)
 9 FCPATH\index.php(79): CodeIgniter\CodeIgniter->run()
CRITICAL - 2023-12-08 09:02:50 --> Undefined variable: totalcount
in APPPATH\Views\Admin\dashboard.php on line 90.
 1 APPPATH\Views\Admin\dashboard.php(90): CodeIgniter\Debug\Exceptions->errorHandler(8, 'Undefined variable: totalcount', 'C:\\xampp\\htdocs\\Hotel\\app\\Views\\Admin\\dashboard.php', 90, [...])
 2 SYSTEMPATH\View\View.php(228): include('C:\\xampp\\htdocs\\Hotel\\app\\Views\\Admin\\dashboard.php')
 3 SYSTEMPATH\View\View.php(231): CodeIgniter\View\View->CodeIgniter\View\{closure}()
 4 SYSTEMPATH\Common.php(1190): CodeIgniter\View\View->render('Admin/dashboard', [], true)
 5 APPPATH\Controllers\Admin.php(25): view('Admin/dashboard', [...])
 6 SYSTEMPATH\CodeIgniter.php(942): App\Controllers\Admin->dashboard()
 7 SYSTEMPATH\CodeIgniter.php(502): CodeIgniter\CodeIgniter->runController(Object(App\Controllers\Admin))
 8 SYSTEMPATH\CodeIgniter.php(361): CodeIgniter\CodeIgniter->handleRequest(null, Object(Config\Cache), false)
 9 FCPATH\index.php(79): CodeIgniter\CodeIgniter->run()
CRITICAL - 2023-12-08 09:02:53 --> Undefined variable: totalcount
in APPPATH\Views\Admin\dashboard.php on line 90.
 1 APPPATH\Views\Admin\dashboard.php(90): CodeIgniter\Debug\Exceptions->errorHandler(8, 'Undefined variable: totalcount', 'C:\\xampp\\htdocs\\Hotel\\app\\Views\\Admin\\dashboard.php', 90, [...])
 2 SYSTEMPATH\View\View.php(228): include('C:\\xampp\\htdocs\\Hotel\\app\\Views\\Admin\\dashboard.php')
 3 SYSTEMPATH\View\View.php(231): CodeIgniter\View\View->CodeIgniter\View\{closure}()
 4 SYSTEMPATH\Common.php(1190): CodeIgniter\View\View->render('Admin/dashboard', [], true)
 5 APPPATH\Controllers\Admin.php(25): view('Admin/dashboard', [...])
 6 SYSTEMPATH\CodeIgniter.php(942): App\Controllers\Admin->dashboard()
 7 SYSTEMPATH\CodeIgniter.php(502): CodeIgniter\CodeIgniter->runController(Object(App\Controllers\Admin))
 8 SYSTEMPATH\CodeIgniter.php(361): CodeIgniter\CodeIgniter->handleRequest(null, Object(Config\Cache), false)
 9 FCPATH\index.php(79): CodeIgniter\CodeIgniter->run()
CRITICAL - 2023-12-08 09:21:58 --> Undefined variable: totalcount
in APPPATH\Views\Admin\dashboard.php on line 90.
 1 APPPATH\Views\Admin\dashboard.php(90): CodeIgniter\Debug\Exceptions->errorHandler(8, 'Undefined variable: totalcount', 'C:\\xampp\\htdocs\\Hotel\\app\\Views\\Admin\\dashboard.php', 90, [...])
 2 SYSTEMPATH\View\View.php(228): include('C:\\xampp\\htdocs\\Hotel\\app\\Views\\Admin\\dashboard.php')
 3 SYSTEMPATH\View\View.php(231): CodeIgniter\View\View->CodeIgniter\View\{closure}()
 4 SYSTEMPATH\Common.php(1190): CodeIgniter\View\View->render('Admin/dashboard', [], true)
 5 APPPATH\Controllers\Admin.php(25): view('Admin/dashboard', [...])
 6 SYSTEMPATH\CodeIgniter.php(942): App\Controllers\Admin->dashboard()
 7 SYSTEMPATH\CodeIgniter.php(502): CodeIgniter\CodeIgniter->runController(Object(App\Controllers\Admin))
 8 SYSTEMPATH\CodeIgniter.php(361): CodeIgniter\CodeIgniter->handleRequest(null, Object(Config\Cache), false)
 9 FCPATH\index.php(79): CodeIgniter\CodeIgniter->run()
CRITICAL - 2023-12-08 13:07:31 --> Undefined variable: totalcount
in APPPATH\Views\Admin\dashboard.php on line 90.
 1 APPPATH\Views\Admin\dashboard.php(90): CodeIgniter\Debug\Exceptions->errorHandler(8, 'Undefined variable: totalcount', 'C:\\xampp\\htdocs\\Hotel\\app\\Views\\Admin\\dashboard.php', 90, [...])
 2 SYSTEMPATH\View\View.php(228): include('C:\\xampp\\htdocs\\Hotel\\app\\Views\\Admin\\dashboard.php')
 3 SYSTEMPATH\View\View.php(231): CodeIgniter\View\View->CodeIgniter\View\{closure}()
 4 SYSTEMPATH\Common.php(1190): CodeIgniter\View\View->render('Admin/dashboard', [], true)
 5 APPPATH\Controllers\Admin.php(35): view('Admin/dashboard', [...])
 6 SYSTEMPATH\CodeIgniter.php(942): App\Controllers\Admin->dashboard()
 7 SYSTEMPATH\CodeIgniter.php(502): CodeIgniter\CodeIgniter->runController(Object(App\Controllers\Admin))
 8 SYSTEMPATH\CodeIgniter.php(361): CodeIgniter\CodeIgniter->handleRequest(null, Object(Config\Cache), false)
 9 FCPATH\index.php(79): CodeIgniter\CodeIgniter->run()
